<?xml version="1.0" encoding="UTF-8"?>
<!-- Generated by org.testng.reporters.JUnitReportReporter -->
<testsuite hostname="DESKTOP-SMRNT1F" failures="0" tests="1" name="com.testing.LoginPageFile" time="3.865" errors="0" timestamp="16 Nov 2022 05:31:57 GMT">
  <testcase classname="com.testing.LoginPageFile" name="url" time="3.865"/>
</testsuite> <!-- com.testing.LoginPageFile -->
