<?xml version="1.0" encoding="UTF-8"?>
<!-- Generated by org.testng.reporters.JUnitReportReporter -->
<testsuite hostname="DESKTOP-SMRNT1F" failures="0" tests="2" name="com.testing.ReadUnreadTestFile" time="3.157" errors="0" timestamp="30 Nov 2022 23:16:57 GMT">
  <testcase classname="com.testing.ReadUnreadTestFile" name="RU_Check_002" time="1.484"/>
  <testcase classname="com.testing.ReadUnreadTestFile" name="RU_Check_001" time="1.673"/>
</testsuite> <!-- com.testing.ReadUnreadTestFile -->
