<?xml version="1.0" encoding="UTF-8"?>
<!-- Generated by org.testng.reporters.JUnitReportReporter -->
<testsuite hostname="DESKTOP-SMRNT1F" name="com.testing.LoginTestFile" tests="7" failures="0" timestamp="1 Dec 2022 17:13:13 GMT" time="59.120" errors="0">
  <testcase name="TC_Login_009" time="10.905" classname="com.testing.LoginTestFile"/>
  <testcase name="TC_Login_008" time="5.786" classname="com.testing.LoginTestFile"/>
  <testcase name="TC_Login_003_to_TC_Login_007" time="11.561" classname="com.testing.LoginTestFile"/>
  <testcase name="TC_Login_002" time="3.881" classname="com.testing.LoginTestFile"/>
  <testcase name="TC_Login_010" time="11.110" classname="com.testing.LoginTestFile"/>
  <testcase name="TC_Login_011" time="11.036" classname="com.testing.LoginTestFile"/>
  <testcase name="TC_Login_001" time="4.841" classname="com.testing.LoginTestFile"/>
</testsuite> <!-- com.testing.LoginTestFile -->
