<?xml version="1.0" encoding="UTF-8"?>
<!-- Generated by org.testng.reporters.JUnitReportReporter -->
<testsuite hostname="DESKTOP-SMRNT1F" name="com.testing.TrashEmailTestFile" tests="2" failures="0" timestamp="1 Dec 2022 00:32:52 GMT" time="16.182" errors="0">
  <testcase name="TC_TrashE_001" time="9.950" classname="com.testing.TrashEmailTestFile"/>
  <testcase name="TC_TrashE_002" time="6.232" classname="com.testing.TrashEmailTestFile"/>
</testsuite> <!-- com.testing.TrashEmailTestFile -->
