<?xml version="1.0" encoding="UTF-8"?>
<!-- Generated by org.testng.reporters.JUnitReportReporter -->
<testsuite hostname="DESKTOP-SMRNT1F" failures="0" tests="2" name="com.testing.InboxEmailTestFile" time="6.547" errors="0" timestamp="30 Nov 2022 23:19:43 GMT">
  <testcase classname="com.testing.InboxEmailTestFile" name="TC_Inbox_002" time="0.155"/>
  <testcase classname="com.testing.InboxEmailTestFile" name="TC_Inbox_001" time="6.392"/>
</testsuite> <!-- com.testing.InboxEmailTestFile -->
